C:\USERS\ZZOYU\DOCUMENTS\VISUAL STUDIO 2010\PROJECTS\SDLDEFENCEGAME\DEBUG\SDLDEFENCEGAME.EXE
C:\Users\zzoyu\Documents\Visual Studio 2010\Projects\SDLDefenceGame\Debug\SDLDefenceGame.pdb
C:\USERS\ZZOYU\DOCUMENTS\VISUAL STUDIO 2010\PROJECTS\SDLDEFENCEGAME\SDLDEFENCEGAME\DEBUG\BULLET.OBJ
C:\USERS\ZZOYU\DOCUMENTS\VISUAL STUDIO 2010\PROJECTS\SDLDEFENCEGAME\SDLDEFENCEGAME\DEBUG\CHARACTER.OBJ
C:\Users\zzoyu\Documents\Visual Studio 2010\Projects\SDLDefenceGame\SDLDefenceGame\Debug\cl.command.1.tlog
C:\Users\zzoyu\Documents\Visual Studio 2010\Projects\SDLDefenceGame\SDLDefenceGame\Debug\CL.read.1.tlog
C:\Users\zzoyu\Documents\Visual Studio 2010\Projects\SDLDefenceGame\SDLDefenceGame\Debug\CL.write.1.tlog
C:\USERS\ZZOYU\DOCUMENTS\VISUAL STUDIO 2010\PROJECTS\SDLDEFENCEGAME\SDLDEFENCEGAME\DEBUG\ENEMY.OBJ
C:\USERS\ZZOYU\DOCUMENTS\VISUAL STUDIO 2010\PROJECTS\SDLDEFENCEGAME\SDLDEFENCEGAME\DEBUG\GUIDIALOGUE.OBJ
C:\Users\zzoyu\Documents\Visual Studio 2010\Projects\SDLDefenceGame\SDLDefenceGame\Debug\link.command.1.tlog
C:\Users\zzoyu\Documents\Visual Studio 2010\Projects\SDLDefenceGame\SDLDefenceGame\Debug\link.read.1.tlog
C:\Users\zzoyu\Documents\Visual Studio 2010\Projects\SDLDefenceGame\SDLDefenceGame\Debug\link.write.1.tlog
C:\Users\zzoyu\Documents\Visual Studio 2010\Projects\SDLDefenceGame\SDLDefenceGame\Debug\link-cvtres.read.1.tlog
C:\Users\zzoyu\Documents\Visual Studio 2010\Projects\SDLDefenceGame\SDLDefenceGame\Debug\link-cvtres.write.1.tlog
C:\USERS\ZZOYU\DOCUMENTS\VISUAL STUDIO 2010\PROJECTS\SDLDEFENCEGAME\SDLDEFENCEGAME\DEBUG\MAIN.OBJ
C:\USERS\ZZOYU\DOCUMENTS\VISUAL STUDIO 2010\PROJECTS\SDLDEFENCEGAME\SDLDEFENCEGAME\DEBUG\MANAGER_GAME.OBJ
C:\Users\zzoyu\Documents\Visual Studio 2010\Projects\SDLDefenceGame\SDLDefenceGame\Debug\mt.command.1.tlog
C:\Users\zzoyu\Documents\Visual Studio 2010\Projects\SDLDefenceGame\SDLDefenceGame\Debug\mt.read.1.tlog
C:\Users\zzoyu\Documents\Visual Studio 2010\Projects\SDLDefenceGame\SDLDefenceGame\Debug\mt.write.1.tlog
C:\Users\zzoyu\Documents\Visual Studio 2010\Projects\SDLDefenceGame\SDLDefenceGame\Debug\rc.command.1.tlog
C:\Users\zzoyu\Documents\Visual Studio 2010\Projects\SDLDefenceGame\SDLDefenceGame\Debug\rc.read.1.tlog
C:\Users\zzoyu\Documents\Visual Studio 2010\Projects\SDLDefenceGame\SDLDefenceGame\Debug\rc.write.1.tlog
C:\USERS\ZZOYU\DOCUMENTS\VISUAL STUDIO 2010\PROJECTS\SDLDEFENCEGAME\SDLDEFENCEGAME\DEBUG\SCENE.OBJ
C:\Users\zzoyu\Documents\Visual Studio 2010\Projects\SDLDefenceGame\SDLDefenceGame\Debug\SDLDefenceGame.exe.intermediate.manifest
C:\USERS\ZZOYU\DOCUMENTS\VISUAL STUDIO 2010\PROJECTS\SDLDEFENCEGAME\SDLDEFENCEGAME\DEBUG\SDLDEFENCEGAME.RES
C:\Users\zzoyu\Documents\Visual Studio 2010\Projects\SDLDefenceGame\SDLDefenceGame\Debug\SDLDefenceGame.vcxprojResolveAssemblyReference.cache
C:\Users\zzoyu\Documents\Visual Studio 2010\Projects\SDLDefenceGame\SDLDefenceGame\Debug\SDLDefenceGame.write.1.tlog
C:\Users\zzoyu\Documents\Visual Studio 2010\Projects\SDLDefenceGame\SDLDefenceGame\Debug\vc100.idb
C:\USERS\ZZOYU\DOCUMENTS\VISUAL STUDIO 2010\PROJECTS\SDLDEFENCEGAME\SDLDEFENCEGAME\DEBUG\VC100.PDB
