빌드 시작: 2014-12-19 오후 3:47:53
     1>3 노드의 "C:\Users\zzoyu\Documents\Visual Studio 2010\Projects\SDLDefenceGame\GameTool\GameTool.vcxproj" 프로젝트(build 대상)입니다.
     1>InitializeBuildStatus:
         "AlwaysCreate"이(가) 지정되었기 때문에 "Debug\GameTool.unsuccessfulbuild"을(를) 만들고 있습니다.
       ClCompile:
         모든 출력이 최신 상태입니다.
         모든 출력이 최신 상태입니다.
       ResourceCompile:
         C:\Program Files\Microsoft SDKs\Windows\v7.0A\bin\rc.exe /D _DEBUG /D _UNICODE /D UNICODE /l"0x0412" /IDebug\ /nologo /fo"Debug\GameTool.res" GameTool.rc 
       ManifestResourceCompile:
         모든 출력이 최신 상태입니다.
       Link:
         C:\Program Files\Microsoft Visual Studio 10.0\VC\bin\link.exe /ERRORREPORT:PROMPT /OUT:"C:\Users\zzoyu\Documents\Visual Studio 2010\Projects\SDLDefenceGame\Debug\GameTool.exe" /INCREMENTAL /NOLOGO /MANIFEST /ManifestFile:"Debug\GameTool.exe.intermediate.manifest" /MANIFESTUAC:"level='asInvoker' uiAccess='false'" /DEBUG /PDB:"C:\Users\zzoyu\Documents\Visual Studio 2010\Projects\SDLDefenceGame\Debug\GameTool.pdb" /SUBSYSTEM:WINDOWS /TLBID:1 /ENTRY:"wWinMainCRTStartup" /DYNAMICBASE /NXCOMPAT /IMPLIB:"C:\Users\zzoyu\Documents\Visual Studio 2010\Projects\SDLDefenceGame\Debug\GameTool.lib" /MACHINE:X86 Debug\GameTool.res
         Debug\GameTool.exe.embed.manifest.res
         Debug\CharInfoDlg.obj
         Debug\GameTool.obj
         Debug\GameToolDlg.obj
         Debug\InGameInfoDlg.obj
         Debug\stdafx.obj
         Debug\TileInfoDlg.obj
       Manifest:
         C:\Program Files\Microsoft SDKs\Windows\v7.0A\bin\mt.exe /nologo /verbose /out:"Debug\GameTool.exe.embed.manifest" /manifest Debug\GameTool.exe.intermediate.manifest "C:\Program Files\Microsoft Visual Studio 10.0\VC\Include\Manifest\dpiaware.manifest"
         모든 출력이 최신 상태입니다.
       LinkEmbedManifest:
         모든 출력이 최신 상태입니다.
         GameTool.vcxproj -> C:\Users\zzoyu\Documents\Visual Studio 2010\Projects\SDLDefenceGame\Debug\GameTool.exe
       FinalizeBuildStatus:
         "Debug\GameTool.unsuccessfulbuild" 파일을 삭제하고 있습니다.
         "Debug\GameTool.lastbuildstate"에 연결(touching)하고 있습니다.
     1>"C:\Users\zzoyu\Documents\Visual Studio 2010\Projects\SDLDefenceGame\GameTool\GameTool.vcxproj" 프로젝트를 빌드했습니다(build 대상).

빌드했습니다.

경과 시간: 00:00:13.53
