C:\USERS\ZZOYU\DOCUMENTS\VISUAL STUDIO 2010\PROJECTS\SDLDEFENCEGAME\DEBUG\GAMETOOL.EXE
C:\USERS\ZZOYU\DOCUMENTS\VISUAL STUDIO 2010\PROJECTS\SDLDEFENCEGAME\DEBUG\GAMETOOL.ILK
C:\USERS\ZZOYU\DOCUMENTS\VISUAL STUDIO 2010\PROJECTS\SDLDEFENCEGAME\DEBUG\GAMETOOL.PDB
C:\USERS\ZZOYU\DOCUMENTS\VISUAL STUDIO 2010\PROJECTS\SDLDEFENCEGAME\GAMETOOL\DEBUG\CHARINFODLG.OBJ
C:\Users\zzoyu\Documents\Visual Studio 2010\Projects\SDLDefenceGame\GameTool\Debug\cl.command.1.tlog
C:\Users\zzoyu\Documents\Visual Studio 2010\Projects\SDLDefenceGame\GameTool\Debug\CL.read.1.tlog
C:\Users\zzoyu\Documents\Visual Studio 2010\Projects\SDLDefenceGame\GameTool\Debug\CL.write.1.tlog
C:\USERS\ZZOYU\DOCUMENTS\VISUAL STUDIO 2010\PROJECTS\SDLDEFENCEGAME\GAMETOOL\DEBUG\GAMETOOL.EXE.EMBED.MANIFEST
C:\USERS\ZZOYU\DOCUMENTS\VISUAL STUDIO 2010\PROJECTS\SDLDEFENCEGAME\GAMETOOL\DEBUG\GAMETOOL.EXE.EMBED.MANIFEST.RES
C:\USERS\ZZOYU\DOCUMENTS\VISUAL STUDIO 2010\PROJECTS\SDLDEFENCEGAME\GAMETOOL\DEBUG\GAMETOOL.EXE.INTERMEDIATE.MANIFEST
C:\USERS\ZZOYU\DOCUMENTS\VISUAL STUDIO 2010\PROJECTS\SDLDEFENCEGAME\GAMETOOL\DEBUG\GAMETOOL.OBJ
C:\USERS\ZZOYU\DOCUMENTS\VISUAL STUDIO 2010\PROJECTS\SDLDEFENCEGAME\GAMETOOL\DEBUG\GAMETOOL.PCH
C:\USERS\ZZOYU\DOCUMENTS\VISUAL STUDIO 2010\PROJECTS\SDLDEFENCEGAME\GAMETOOL\DEBUG\GAMETOOL.RES
C:\Users\zzoyu\Documents\Visual Studio 2010\Projects\SDLDefenceGame\GameTool\Debug\GameTool.write.1.tlog
C:\Users\zzoyu\Documents\Visual Studio 2010\Projects\SDLDefenceGame\GameTool\Debug\GameTool_manifest.rc
C:\USERS\ZZOYU\DOCUMENTS\VISUAL STUDIO 2010\PROJECTS\SDLDEFENCEGAME\GAMETOOL\DEBUG\GAMETOOLDLG.OBJ
C:\Users\zzoyu\Documents\Visual Studio 2010\Projects\SDLDefenceGame\GameTool\Debug\link.command.1.tlog
C:\Users\zzoyu\Documents\Visual Studio 2010\Projects\SDLDefenceGame\GameTool\Debug\link.read.1.tlog
C:\Users\zzoyu\Documents\Visual Studio 2010\Projects\SDLDefenceGame\GameTool\Debug\link.write.1.tlog
C:\Users\zzoyu\Documents\Visual Studio 2010\Projects\SDLDefenceGame\GameTool\Debug\link-cvtres.read.1.tlog
C:\Users\zzoyu\Documents\Visual Studio 2010\Projects\SDLDefenceGame\GameTool\Debug\link-cvtres.write.1.tlog
C:\Users\zzoyu\Documents\Visual Studio 2010\Projects\SDLDefenceGame\GameTool\Debug\mt.command.1.tlog
C:\Users\zzoyu\Documents\Visual Studio 2010\Projects\SDLDefenceGame\GameTool\Debug\mt.read.1.tlog
C:\Users\zzoyu\Documents\Visual Studio 2010\Projects\SDLDefenceGame\GameTool\Debug\mt.write.1.tlog
C:\Users\zzoyu\Documents\Visual Studio 2010\Projects\SDLDefenceGame\GameTool\Debug\rc.command.1.tlog
C:\Users\zzoyu\Documents\Visual Studio 2010\Projects\SDLDefenceGame\GameTool\Debug\rc.read.1.tlog
C:\Users\zzoyu\Documents\Visual Studio 2010\Projects\SDLDefenceGame\GameTool\Debug\rc.write.1.tlog
C:\USERS\ZZOYU\DOCUMENTS\VISUAL STUDIO 2010\PROJECTS\SDLDEFENCEGAME\GAMETOOL\DEBUG\STDAFX.OBJ
C:\USERS\ZZOYU\DOCUMENTS\VISUAL STUDIO 2010\PROJECTS\SDLDEFENCEGAME\GAMETOOL\DEBUG\TILEINFODLG.OBJ
C:\Users\zzoyu\Documents\Visual Studio 2010\Projects\SDLDefenceGame\GameTool\Debug\vc100.idb
C:\USERS\ZZOYU\DOCUMENTS\VISUAL STUDIO 2010\PROJECTS\SDLDEFENCEGAME\GAMETOOL\DEBUG\VC100.PDB
